[2025-02-18 12:14:17,569: INFO: main: >>>>>> stage Data Ingestion stage started <<<<<<]
[2025-02-18 12:14:17,601: INFO: common: yaml file: config\config.yaml loaded successfully]
[2025-02-18 12:14:17,621: INFO: common: yaml file: params.yaml loaded successfully]
[2025-02-18 12:14:17,623: INFO: common: created directory at: artifacts]
[2025-02-18 12:14:17,624: INFO: common: created directory at: artifacts/data_ingestion]
[2025-02-18 12:14:20,224: INFO: data_ingestion: artifacts/data_ingestion/data.zip download! with following info: 
Connection: close
Content-Length: 11616915
Cache-Control: max-age=300
Content-Security-Policy: default-src 'none'; style-src 'unsafe-inline'; sandbox
Content-Type: application/zip
ETag: "adf745abc03891fe493c3be264ec012691fe3fa21d861f35a27edbe6d86a76b1"
Strict-Transport-Security: max-age=31536000
X-Content-Type-Options: nosniff
X-Frame-Options: deny
X-XSS-Protection: 1; mode=block
X-GitHub-Request-Id: 9F7A:E61E9:319E70B:33C5740:67B46B8A
Accept-Ranges: bytes
Date: Tue, 18 Feb 2025 11:14:18 GMT
Via: 1.1 varnish
X-Served-By: cache-fra-eddf8230058-FRA
X-Cache: MISS
X-Cache-Hits: 0
X-Timer: S1739877258.287928,VS0,VE517
Vary: Authorization,Accept-Encoding,Origin
Access-Control-Allow-Origin: *
Cross-Origin-Resource-Policy: cross-origin
X-Fastly-Request-ID: 48d6f487a8e75655da161273df026a6e6a7091ea
Expires: Tue, 18 Feb 2025 11:19:18 GMT
Source-Age: 0

]
[2025-02-18 12:14:21,985: INFO: main: >>>>>> stage Data Ingestion stage completed <<<<<<

x==========x]
[2025-02-18 12:14:21,986: INFO: main: *******************]
[2025-02-18 12:14:21,986: INFO: main: >>>>>> stage Prepare base model started <<<<<<]
[2025-02-18 12:14:21,989: INFO: common: yaml file: config\config.yaml loaded successfully]
[2025-02-18 12:14:21,992: INFO: common: yaml file: params.yaml loaded successfully]
[2025-02-18 12:14:21,992: INFO: common: created directory at: artifacts]
[2025-02-18 12:14:21,993: INFO: common: created directory at: artifacts/prepare_base_model]
[2025-02-18 12:14:31,441: WARNING: saving_api: You are saving your model as an HDF5 file via `model.save()` or `keras.saving.save_model(model)`. This file format is considered legacy. We recommend using instead the native Keras format, e.g. `model.save('my_model.keras')` or `keras.saving.save_model(model, 'my_model.keras')`. ]
[2025-02-18 12:14:31,559: WARNING: saving_api: You are saving your model as an HDF5 file via `model.save()` or `keras.saving.save_model(model)`. This file format is considered legacy. We recommend using instead the native Keras format, e.g. `model.save('my_model.keras')` or `keras.saving.save_model(model, 'my_model.keras')`. ]
[2025-02-18 12:14:31,621: INFO: main: >>>>>> stage Prepare base model completed <<<<<<

x==========x]
[2025-02-18 12:14:31,621: INFO: main: *******************]
[2025-02-18 12:14:31,621: INFO: main: >>>>>> stage Training started <<<<<<]
[2025-02-18 12:14:31,621: INFO: common: yaml file: config\config.yaml loaded successfully]
[2025-02-18 12:14:31,631: INFO: common: yaml file: params.yaml loaded successfully]
[2025-02-18 12:14:31,631: INFO: common: created directory at: artifacts]
[2025-02-18 12:14:31,633: INFO: common: created directory at: artifacts\prepare_callbacks\checkpoint_dir]
[2025-02-18 12:14:31,633: INFO: common: created directory at: artifacts\prepare_callbacks\tensorboard_log_dir]
[2025-02-18 12:14:31,635: INFO: common: created directory at: artifacts\training]
[2025-02-18 12:14:31,770: WARNING: saving_utils: Compiled the loaded model, but the compiled metrics have yet to be built. `model.compile_metrics` will be empty until you train or evaluate the model.]
[2025-02-18 12:14:34,517: ERROR: main: {{function_node __wrapped__CreateSummaryFileWriter_device_/job:localhost/replica:0/task:0/device:CPU:0}} artifacts\prepare_callbacks\tensorboard_log_dir is not a directory [Op:CreateSummaryFileWriter] name: ]
Traceback (most recent call last):
  File "c:\Users\RodrigoMartínezAlons\OneDrive - Sparrow Networks GmbH\Python\Classification-Projects-main\main.py", line 48, in <module>
    model_trainer.main()
  File "c:\Users\RodrigoMartínezAlons\OneDrive - Sparrow Networks GmbH\Python\Classification-Projects-main\src\cnnClassifier\pipeline\stage_03_training.py", line 26, in main
    training.train(
  File "C:\Users\RodrigoMartínezAlons\OneDrive - Sparrow Networks GmbH\Python\Classification-Projects-main\src\cnnClassifier\components\training.py", line 68, in train
    self.model.fit(
  File "C:\Users\RodrigoMartínezAlons\OneDrive - Sparrow Networks GmbH\Python\Classification-Projects-main\venv_image_class\Lib\site-packages\keras\src\utils\traceback_utils.py", line 122, in error_handler
    raise e.with_traceback(filtered_tb) from None
  File "C:\Users\RodrigoMartínezAlons\OneDrive - Sparrow Networks GmbH\Python\Classification-Projects-main\venv_image_class\Lib\site-packages\tensorflow\python\framework\ops.py", line 6002, in raise_from_not_ok_status
    raise core._status_to_exception(e) from None  # pylint: disable=protected-access
    ^^^^^^^^^^^^^^^^^^^^^^^^^^^^^^^^^^^^^^^^^^^^
tensorflow.python.framework.errors_impl.FailedPreconditionError: {{function_node __wrapped__CreateSummaryFileWriter_device_/job:localhost/replica:0/task:0/device:CPU:0}} artifacts\prepare_callbacks\tensorboard_log_dir is not a directory [Op:CreateSummaryFileWriter] name: 
[2025-02-18 12:15:51,709: INFO: main: Welcome to my custom log]
[2025-02-18 12:17:16,180: INFO: main: Welcome to my custom log]
[2025-02-19 15:06:33,104: INFO: utils: Note: NumExpr detected 12 cores but "NUMEXPR_MAX_THREADS" not set, so enforcing safe limit of 8.]
[2025-02-19 15:06:33,104: INFO: utils: NumExpr defaulting to 8 threads.]
[2025-02-19 15:11:34,051: INFO: common: yaml file: config\config.yaml loaded successfully]
[2025-02-19 15:11:34,140: INFO: common: yaml file: params.yaml loaded successfully]
[2025-02-19 15:11:34,140: INFO: common: created directory at: artifacts]
[2025-02-19 15:11:34,140: INFO: common: created directory at: artifacts/prepare_base_model]
[2025-02-19 15:11:34,718: WARNING: saving_api: You are saving your model as an HDF5 file via `model.save()` or `keras.saving.save_model(model)`. This file format is considered legacy. We recommend using instead the native Keras format, e.g. `model.save('my_model.keras')` or `keras.saving.save_model(model, 'my_model.keras')`. ]
[2025-02-19 15:11:34,970: WARNING: saving_api: You are saving your model as an HDF5 file via `model.save()` or `keras.saving.save_model(model)`. This file format is considered legacy. We recommend using instead the native Keras format, e.g. `model.save('my_model.keras')` or `keras.saving.save_model(model, 'my_model.keras')`. ]
[2025-02-19 15:20:11,586: INFO: common: yaml file: config\config.yaml loaded successfully]
[2025-02-19 15:20:11,590: INFO: common: yaml file: params.yaml loaded successfully]
[2025-02-19 15:20:11,590: INFO: common: created directory at: artifacts]
[2025-02-19 15:20:11,594: INFO: common: created directory at: artifacts\prepare_callbacks\checkpoint_dir]
[2025-02-19 15:20:11,595: INFO: common: created directory at: artifacts\prepare_callbacks\tensorboard_log_dir]
[2025-02-19 15:33:16,542: INFO: common: yaml file: config\config.yaml loaded successfully]
[2025-02-19 15:33:16,542: INFO: common: yaml file: params.yaml loaded successfully]
[2025-02-19 15:33:16,542: INFO: common: created directory at: artifacts]
[2025-02-19 15:33:16,549: INFO: common: created directory at: artifacts\prepare_callbacks\checkpoint_dir]
[2025-02-19 15:33:16,550: INFO: common: created directory at: artifacts\prepare_callbacks\tensorboard_log_dir]
[2025-02-19 15:33:16,550: INFO: common: created directory at: artifacts\training]
[2025-02-19 15:33:16,833: WARNING: saving_utils: Compiled the loaded model, but the compiled metrics have yet to be built. `model.compile_metrics` will be empty until you train or evaluate the model.]
[2025-02-19 15:40:05,698: INFO: common: yaml file: config\config.yaml loaded successfully]
[2025-02-19 15:40:05,702: INFO: common: yaml file: params.yaml loaded successfully]
[2025-02-19 15:40:05,704: INFO: common: created directory at: artifacts]
[2025-02-19 15:40:05,706: INFO: common: created directory at: artifacts\prepare_callbacks\checkpoint_dir]
[2025-02-19 15:40:05,706: INFO: common: created directory at: artifacts\prepare_callbacks\tensorboard_log_dir]
[2025-02-19 15:40:05,708: INFO: common: created directory at: artifacts\training]
[2025-02-19 15:40:05,925: WARNING: saving_utils: Compiled the loaded model, but the compiled metrics have yet to be built. `model.compile_metrics` will be empty until you train or evaluate the model.]
[2025-02-19 15:40:11,608: INFO: common: yaml file: config\config.yaml loaded successfully]
[2025-02-19 15:40:11,611: INFO: common: yaml file: params.yaml loaded successfully]
[2025-02-19 15:40:11,612: INFO: common: created directory at: artifacts]
[2025-02-19 15:40:11,614: INFO: common: created directory at: artifacts\prepare_callbacks\checkpoint_dir]
[2025-02-19 15:40:11,616: INFO: common: created directory at: artifacts\prepare_callbacks\tensorboard_log_dir]
[2025-02-19 15:40:11,616: INFO: common: created directory at: artifacts\training]
[2025-02-19 15:40:11,771: WARNING: saving_utils: Compiled the loaded model, but the compiled metrics have yet to be built. `model.compile_metrics` will be empty until you train or evaluate the model.]
[2025-02-19 15:50:34,715: INFO: common: yaml file: config\config.yaml loaded successfully]
[2025-02-19 15:50:34,718: INFO: common: yaml file: params.yaml loaded successfully]
[2025-02-19 15:50:34,719: INFO: common: created directory at: artifacts]
[2025-02-19 15:50:34,721: INFO: common: created directory at: artifacts\prepare_callbacks\checkpoint_dir]
[2025-02-19 15:50:34,722: INFO: common: created directory at: artifacts\prepare_callbacks\tensorboard_log_dir]
[2025-02-19 15:50:34,724: INFO: common: created directory at: artifacts\training]
[2025-02-19 15:50:34,978: WARNING: saving_utils: Compiled the loaded model, but the compiled metrics have yet to be built. `model.compile_metrics` will be empty until you train or evaluate the model.]
[2025-02-19 15:52:33,556: INFO: common: yaml file: config\config.yaml loaded successfully]
[2025-02-19 15:52:33,559: INFO: common: yaml file: params.yaml loaded successfully]
[2025-02-19 15:52:33,560: INFO: common: created directory at: artifacts]
[2025-02-19 15:52:33,561: INFO: common: created directory at: artifacts\prepare_callbacks\checkpoint_dir]
[2025-02-19 15:52:33,562: INFO: common: created directory at: artifacts\prepare_callbacks\tensorboard_log_dir]
[2025-02-19 15:52:33,564: INFO: common: created directory at: artifacts\training]
[2025-02-19 15:52:33,754: WARNING: saving_utils: Compiled the loaded model, but the compiled metrics have yet to be built. `model.compile_metrics` will be empty until you train or evaluate the model.]
[2025-02-19 15:52:54,345: INFO: common: yaml file: config\config.yaml loaded successfully]
[2025-02-19 15:52:54,347: INFO: common: yaml file: params.yaml loaded successfully]
[2025-02-19 15:52:54,348: INFO: common: created directory at: artifacts]
[2025-02-19 15:52:54,349: INFO: common: created directory at: artifacts\prepare_callbacks\checkpoint_dir]
[2025-02-19 15:52:54,350: INFO: common: created directory at: artifacts\prepare_callbacks\tensorboard_log_dir]
[2025-02-19 15:52:54,351: INFO: common: created directory at: artifacts\training]
[2025-02-19 15:52:54,460: WARNING: saving_utils: Compiled the loaded model, but the compiled metrics have yet to be built. `model.compile_metrics` will be empty until you train or evaluate the model.]
[2025-02-19 15:54:36,227: WARNING: deprecation: From C:\Users\RodrigoMartínezAlons\AppData\Local\Temp\ipykernel_27000\586888808.py:2: experimental_run_functions_eagerly (from tensorflow.python.eager.polymorphic_function.eager_function_run) is deprecated and will be removed in a future version.
Instructions for updating:
Use `tf.config.run_functions_eagerly` instead of the experimental version.]
[2025-02-19 15:54:37,077: INFO: common: yaml file: config\config.yaml loaded successfully]
[2025-02-19 15:54:37,080: INFO: common: yaml file: params.yaml loaded successfully]
[2025-02-19 15:54:37,081: INFO: common: created directory at: artifacts]
[2025-02-19 15:54:37,084: INFO: common: created directory at: artifacts\prepare_callbacks\checkpoint_dir]
[2025-02-19 15:54:37,086: INFO: common: created directory at: artifacts\prepare_callbacks\tensorboard_log_dir]
[2025-02-19 15:54:37,089: INFO: common: created directory at: artifacts\training]
[2025-02-19 15:54:37,219: WARNING: saving_utils: Compiled the loaded model, but the compiled metrics have yet to be built. `model.compile_metrics` will be empty until you train or evaluate the model.]
[2025-02-19 15:57:52,680: WARNING: module_wrapper: From c:\Users\RodrigoMartínezAlons\OneDrive - Sparrow Networks GmbH\Python\Classification-Projects-main\venv_image_class\Lib\site-packages\keras\src\backend\common\global_state.py:82: The name tf.reset_default_graph is deprecated. Please use tf.compat.v1.reset_default_graph instead.
]
[2025-02-19 15:57:52,844: INFO: common: yaml file: config\config.yaml loaded successfully]
[2025-02-19 15:57:52,860: INFO: common: yaml file: params.yaml loaded successfully]
[2025-02-19 15:57:52,861: INFO: common: created directory at: artifacts]
[2025-02-19 15:57:52,863: INFO: common: created directory at: artifacts\prepare_callbacks\checkpoint_dir]
[2025-02-19 15:57:52,864: INFO: common: created directory at: artifacts\prepare_callbacks\tensorboard_log_dir]
[2025-02-19 15:57:52,866: INFO: common: created directory at: artifacts\training]
[2025-02-19 15:57:53,098: WARNING: saving_utils: Compiled the loaded model, but the compiled metrics have yet to be built. `model.compile_metrics` will be empty until you train or evaluate the model.]
[2025-02-19 15:58:36,540: INFO: common: yaml file: config\config.yaml loaded successfully]
[2025-02-19 15:59:10,833: INFO: common: yaml file: config\config.yaml loaded successfully]
[2025-02-19 15:59:10,835: INFO: common: yaml file: params.yaml loaded successfully]
[2025-02-19 15:59:10,836: INFO: common: created directory at: artifacts]
[2025-02-19 15:59:10,838: INFO: common: created directory at: artifacts\prepare_callbacks\checkpoint_dir]
[2025-02-19 15:59:10,840: INFO: common: created directory at: artifacts\prepare_callbacks\tensorboard_log_dir]
[2025-02-19 15:59:10,841: INFO: common: created directory at: artifacts\training]
[2025-02-19 15:59:11,041: WARNING: saving_utils: Compiled the loaded model, but the compiled metrics have yet to be built. `model.compile_metrics` will be empty until you train or evaluate the model.]
[2025-02-19 16:01:33,186: INFO: common: yaml file: config\config.yaml loaded successfully]
[2025-02-19 16:01:33,188: INFO: common: yaml file: params.yaml loaded successfully]
[2025-02-19 16:01:33,189: INFO: common: created directory at: artifacts]
[2025-02-19 16:01:33,190: INFO: common: created directory at: artifacts\prepare_callbacks\checkpoint_dir]
[2025-02-19 16:01:33,192: INFO: common: created directory at: artifacts\prepare_callbacks\tensorboard_log_dir]
[2025-02-19 16:01:33,192: INFO: common: created directory at: artifacts\training]
[2025-02-19 16:01:33,316: WARNING: saving_utils: Compiled the loaded model, but the compiled metrics have yet to be built. `model.compile_metrics` will be empty until you train or evaluate the model.]
[2025-02-19 16:03:21,342: INFO: common: yaml file: config\config.yaml loaded successfully]
[2025-02-19 16:03:21,342: INFO: common: yaml file: params.yaml loaded successfully]
[2025-02-19 16:03:21,342: INFO: common: created directory at: artifacts]
[2025-02-19 16:03:21,342: INFO: common: created directory at: artifacts\prepare_callbacks\checkpoint_dir]
[2025-02-19 16:03:21,342: INFO: common: created directory at: artifacts\prepare_callbacks\tensorboard_log_dir]
[2025-02-19 16:03:21,358: INFO: common: created directory at: artifacts\training]
[2025-02-19 16:03:21,559: WARNING: saving_utils: Compiled the loaded model, but the compiled metrics have yet to be built. `model.compile_metrics` will be empty until you train or evaluate the model.]
[2025-02-19 16:03:43,968: INFO: common: yaml file: config\config.yaml loaded successfully]
[2025-02-19 16:03:43,970: INFO: common: yaml file: params.yaml loaded successfully]
[2025-02-19 16:03:43,971: INFO: common: created directory at: artifacts]
[2025-02-19 16:03:43,972: INFO: common: created directory at: artifacts\prepare_callbacks\checkpoint_dir]
[2025-02-19 16:03:43,973: INFO: common: created directory at: artifacts\prepare_callbacks\tensorboard_log_dir]
[2025-02-19 16:03:43,975: INFO: common: created directory at: artifacts\training]
[2025-02-19 16:03:44,092: WARNING: saving_utils: Compiled the loaded model, but the compiled metrics have yet to be built. `model.compile_metrics` will be empty until you train or evaluate the model.]
[2025-02-19 16:20:04,261: INFO: common: yaml file: config\config.yaml loaded successfully]
[2025-02-19 16:20:04,263: INFO: common: yaml file: params.yaml loaded successfully]
[2025-02-19 16:20:04,265: INFO: common: created directory at: artifacts]
[2025-02-19 16:20:04,265: INFO: common: created directory at: artifacts\prepare_callbacks\checkpoint_dir]
[2025-02-19 16:20:04,265: INFO: common: created directory at: artifacts\prepare_callbacks\tensorboard_log_dir]
[2025-02-19 16:20:19,348: INFO: common: yaml file: config\config.yaml loaded successfully]
[2025-02-19 16:20:19,350: INFO: common: yaml file: params.yaml loaded successfully]
[2025-02-19 16:20:19,352: INFO: common: created directory at: artifacts]
[2025-02-19 16:20:19,354: INFO: common: created directory at: artifacts\prepare_callbacks\checkpoint_dir]
[2025-02-19 16:20:19,355: INFO: common: created directory at: artifacts\prepare_callbacks\tensorboard_log_dir]
[2025-02-19 16:20:19,356: INFO: common: created directory at: artifacts\training]
[2025-02-19 16:20:19,482: WARNING: saving_utils: Compiled the loaded model, but the compiled metrics have yet to be built. `model.compile_metrics` will be empty until you train or evaluate the model.]
[2025-02-19 16:20:35,457: INFO: common: yaml file: config\config.yaml loaded successfully]
[2025-02-19 16:20:35,459: INFO: common: yaml file: params.yaml loaded successfully]
[2025-02-19 16:20:35,461: INFO: common: created directory at: artifacts]
[2025-02-19 16:20:35,462: INFO: common: created directory at: artifacts\prepare_callbacks\checkpoint_dir]
[2025-02-19 16:20:35,463: INFO: common: created directory at: artifacts\prepare_callbacks\tensorboard_log_dir]
[2025-02-19 16:20:35,464: INFO: common: created directory at: artifacts\training]
[2025-02-19 16:20:35,642: WARNING: saving_utils: Compiled the loaded model, but the compiled metrics have yet to be built. `model.compile_metrics` will be empty until you train or evaluate the model.]
[2025-02-19 16:20:43,914: INFO: common: yaml file: config\config.yaml loaded successfully]
[2025-02-19 16:20:43,914: INFO: common: yaml file: params.yaml loaded successfully]
[2025-02-19 16:20:43,914: INFO: common: created directory at: artifacts]
[2025-02-19 16:20:43,914: INFO: common: created directory at: artifacts\prepare_callbacks\checkpoint_dir]
[2025-02-19 16:20:43,924: INFO: common: created directory at: artifacts\prepare_callbacks\tensorboard_log_dir]
[2025-02-20 09:47:02,139: INFO: common: yaml file: config\config.yaml loaded successfully]
[2025-02-20 09:47:02,153: INFO: common: yaml file: params.yaml loaded successfully]
[2025-02-20 09:47:02,154: INFO: common: created directory at: artifacts]
[2025-02-20 09:47:02,156: INFO: common: created directory at: artifacts\prepare_callbacks\checkpoint_dir]
[2025-02-20 09:47:02,158: INFO: common: created directory at: artifacts\prepare_callbacks\tensorboard_log_dir]
[2025-02-20 09:47:02,160: INFO: common: created directory at: artifacts\training]
[2025-02-20 09:47:02,363: WARNING: saving_utils: Compiled the loaded model, but the compiled metrics have yet to be built. `model.compile_metrics` will be empty until you train or evaluate the model.]
[2025-02-21 09:22:19,229: INFO: common: yaml file: config\config.yaml loaded successfully]
[2025-02-21 09:22:19,244: INFO: common: yaml file: params.yaml loaded successfully]
[2025-02-21 09:22:19,244: INFO: common: created directory at: artifacts]
[2025-02-21 09:22:19,244: INFO: common: created directory at: artifacts\prepare_callbacks\checkpoint_dir]
[2025-02-21 09:22:19,244: INFO: common: created directory at: artifacts\training]
[2025-02-21 09:22:19,482: WARNING: saving_utils: Compiled the loaded model, but the compiled metrics have yet to be built. `model.compile_metrics` will be empty until you train or evaluate the model.]
[2025-02-21 09:23:27,967: WARNING: deprecation: From C:\Users\RodrigoMartínezAlons\AppData\Local\Temp\ipykernel_12504\586888808.py:2: experimental_run_functions_eagerly (from tensorflow.python.eager.polymorphic_function.eager_function_run) is deprecated and will be removed in a future version.
Instructions for updating:
Use `tf.config.run_functions_eagerly` instead of the experimental version.]
[2025-02-21 09:23:40,222: WARNING: module_wrapper: From C:\Users\RodrigoMartínezAlons\AppData\Local\Temp\ipykernel_12504\404135586.py:2: The name tf.enable_eager_execution is deprecated. Please use tf.compat.v1.enable_eager_execution instead.
]
[2025-02-21 09:24:49,349: INFO: common: yaml file: config\config.yaml loaded successfully]
[2025-02-21 09:24:49,353: INFO: common: yaml file: params.yaml loaded successfully]
[2025-02-21 09:24:49,354: INFO: common: created directory at: artifacts]
[2025-02-21 09:24:49,356: INFO: common: created directory at: artifacts\prepare_callbacks\checkpoint_dir]
[2025-02-21 09:24:49,357: INFO: common: created directory at: artifacts\training]
[2025-02-21 09:24:49,586: WARNING: saving_utils: Compiled the loaded model, but the compiled metrics have yet to be built. `model.compile_metrics` will be empty until you train or evaluate the model.]
[2025-02-21 09:27:36,730: INFO: common: yaml file: config\config.yaml loaded successfully]
[2025-02-21 09:27:36,733: INFO: common: yaml file: params.yaml loaded successfully]
[2025-02-21 09:27:36,735: INFO: common: created directory at: artifacts]
[2025-02-21 09:27:36,736: INFO: common: created directory at: artifacts\prepare_callbacks\checkpoint_dir]
[2025-02-21 09:27:36,738: INFO: common: created directory at: artifacts\training]
[2025-02-21 09:27:36,957: WARNING: saving_utils: Compiled the loaded model, but the compiled metrics have yet to be built. `model.compile_metrics` will be empty until you train or evaluate the model.]
[2025-02-21 09:30:54,235: WARNING: saving_api: You are saving your model as an HDF5 file via `model.save()` or `keras.saving.save_model(model)`. This file format is considered legacy. We recommend using instead the native Keras format, e.g. `model.save('my_model.keras')` or `keras.saving.save_model(model, 'my_model.keras')`. ]
[2025-02-21 09:30:54,397: WARNING: saving_api: You are saving your model as an HDF5 file via `model.save()` or `keras.saving.save_model(model)`. This file format is considered legacy. We recommend using instead the native Keras format, e.g. `model.save('my_model.keras')` or `keras.saving.save_model(model, 'my_model.keras')`. ]
